<?xml version="1.0" encoding="UTF-8"?>
<testng-results ignored="0" total="1" passed="1" failed="0" skipped="0">
  <reporter-output>
  </reporter-output>
  <suite started-at="2022-04-08T01:22:03Z" name="Default suite" finished-at="2022-04-08T01:22:06Z" duration-ms="2877">
    <groups>
    </groups>
    <test started-at="2022-04-08T01:22:03Z" name="Default test" finished-at="2022-04-08T01:22:06Z" duration-ms="2877">
      <class name="tests.basic.ApiTest">
        <test-method is-config="true" signature="init()[pri:0, instance:tests.basic.ApiTest@1755e85b]" started-at="2022-04-08T01:22:03Z" name="init" finished-at="2022-04-08T01:22:03Z" duration-ms="33" status="PASS">
          <reporter-output>
          </reporter-output>
        </test-method> <!-- init -->
        <test-method signature="test()[pri:0, instance:tests.basic.ApiTest@1755e85b]" started-at="2022-04-08T01:22:03Z" name="test" finished-at="2022-04-08T01:22:06Z" duration-ms="2825" status="PASS">
          <reporter-output>
          </reporter-output>
        </test-method> <!-- test -->
        <test-method is-config="true" signature="tearDown()[pri:0, instance:tests.basic.ApiTest@1755e85b]" started-at="2022-04-08T01:22:06Z" name="tearDown" finished-at="2022-04-08T01:22:06Z" duration-ms="0" status="PASS">
          <reporter-output>
          </reporter-output>
        </test-method> <!-- tearDown -->
      </class> <!-- tests.basic.ApiTest -->
    </test> <!-- Default test -->
  </suite> <!-- Default suite -->
</testng-results>
